city	best season	best_score
Barcelona	winter	0.85240984
Paris	winter	0.85530066
NewOrleans	autumn	0.6250262
Bali	autumn	0.99872726
Cancun	autumn	0.5835412
Tokyo	spring	0.5197887
AmalfiCoast	autumn	0.27998483
Sydney	winter	0.5592855
Phuket	winter	0.3201742
BoraBora	winter	0.28302526
Florence	autumn	0.47862878
Maui	summer	0.32657555
Vancouver	winter	0.48710468
London	winter	0.748487
Dubai	winter	0.66000247
NewYorkCity	winter	0.7375301
Rome	winter	0.77409136
SanFrancisco	winter	0.63109535
Tulum	autumn	0.25373167
RioDeJaneiro	spring	0.34795445
Amsterdam	spring	0.39489663
