Words 149079
Vocabulary 10183
Top 50 words
flow 1959
number 1333
pressur 1307
result 1084
effect 989
boundari 926
method 882
theori 868
layer 858
solut 847
mach 817
equat 777
bodi 739
us 730
j 710
wing 708
present 698
heat 686
surfac 658
obtain 642
distribut 638
shock 614
problem 588
ratio 583
were 582
temperatur 582
approxim 551
calcul 550
veloc 547
case 544
investig 524
given 518
test 518
condit 512
these 500
plate 494
ha 480
valu 477
experiment 467
superson 464
1 452
gener 451
made 448
measur 428
angl 426
rang 424
found 423
wave 417
speed 416
can 412
